mode: set
github.com/sotatek-dev/hyper-automation-chatbot/cmd/server/main.go:13.13,18.16 3 0
github.com/sotatek-dev/hyper-automation-chatbot/cmd/server/main.go:18.16,20.3 1 0
github.com/sotatek-dev/hyper-automation-chatbot/cmd/server/main.go:23.2,24.16 2 0
github.com/sotatek-dev/hyper-automation-chatbot/cmd/server/main.go:24.16,26.3 1 0
github.com/sotatek-dev/hyper-automation-chatbot/cmd/server/main.go:29.2,30.16 2 0
github.com/sotatek-dev/hyper-automation-chatbot/cmd/server/main.go:30.16,32.3 1 0
github.com/sotatek-dev/hyper-automation-chatbot/cmd/server/main.go:35.2,41.16 5 0
github.com/sotatek-dev/hyper-automation-chatbot/cmd/server/main.go:41.16,43.3 1 0
github.com/sotatek-dev/hyper-automation-chatbot/internal/api/routes.go:11.51,17.2 5 0
github.com/sotatek-dev/hyper-automation-chatbot/internal/api/routes.go:17.2,23.3 5 0
github.com/sotatek-dev/hyper-automation-chatbot/internal/api/dto/user.go:37.54,45.2 1 0
github.com/sotatek-dev/hyper-automation-chatbot/internal/config/config.go:27.30,30.16 2 0
github.com/sotatek-dev/hyper-automation-chatbot/internal/config/config.go:30.16,32.3 1 0
github.com/sotatek-dev/hyper-automation-chatbot/internal/config/config.go:34.2,48.30 2 0
github.com/sotatek-dev/hyper-automation-chatbot/internal/config/config.go:48.30,50.3 1 0
github.com/sotatek-dev/hyper-automation-chatbot/internal/config/config.go:52.2,52.30 1 0
github.com/sotatek-dev/hyper-automation-chatbot/internal/config/config.go:52.30,54.3 1 0
github.com/sotatek-dev/hyper-automation-chatbot/internal/config/config.go:57.2,57.28 1 0
github.com/sotatek-dev/hyper-automation-chatbot/internal/config/config.go:57.28,59.3 1 0
github.com/sotatek-dev/hyper-automation-chatbot/internal/config/config.go:61.2,61.28 1 0
github.com/sotatek-dev/hyper-automation-chatbot/internal/config/config.go:61.28,63.3 1 0
github.com/sotatek-dev/hyper-automation-chatbot/internal/config/config.go:65.2,65.28 1 0
github.com/sotatek-dev/hyper-automation-chatbot/internal/config/config.go:65.28,67.3 1 0
github.com/sotatek-dev/hyper-automation-chatbot/internal/config/config.go:69.2,69.20 1 0
github.com/sotatek-dev/hyper-automation-chatbot/internal/database/database.go:13.62,27.16 3 0
github.com/sotatek-dev/hyper-automation-chatbot/internal/database/database.go:27.16,29.3 1 0
github.com/sotatek-dev/hyper-automation-chatbot/internal/database/database.go:31.2,31.16 1 0
github.com/sotatek-dev/hyper-automation-chatbot/internal/database/database.go:34.33,41.2 1 0
github.com/sotatek-dev/hyper-automation-chatbot/internal/mocks/user_repository_mock.go:12.66,15.2 2 0
github.com/sotatek-dev/hyper-automation-chatbot/internal/mocks/user_repository_mock.go:17.61,20.2 2 0
github.com/sotatek-dev/hyper-automation-chatbot/internal/mocks/user_repository_mock.go:25.33,28.2 2 0
github.com/sotatek-dev/hyper-automation-chatbot/internal/mocks/user_repository_mock.go:30.66,33.2 2 0
github.com/sotatek-dev/hyper-automation-chatbot/internal/mocks/user_repository_mock.go:35.56,38.2 2 0
github.com/sotatek-dev/hyper-automation-chatbot/pkg/logger/logger.go:9.33,11.2 1 0
github.com/sotatek-dev/hyper-automation-chatbot/internal/repository/order_repository.go:12.74,14.2 1 0
github.com/sotatek-dev/hyper-automation-chatbot/internal/repository/user_repository.go:23.53,25.2 1 0
github.com/sotatek-dev/hyper-automation-chatbot/internal/repository/user_repository.go:27.70,29.2 1 0
github.com/sotatek-dev/hyper-automation-chatbot/internal/repository/user_repository.go:31.64,36.2 3 0
github.com/sotatek-dev/hyper-automation-chatbot/internal/repository/user_repository.go:41.33,46.21 4 0
github.com/sotatek-dev/hyper-automation-chatbot/internal/repository/user_repository.go:46.21,48.3 1 0
github.com/sotatek-dev/hyper-automation-chatbot/internal/repository/user_repository.go:50.2,51.16 2 0
github.com/sotatek-dev/hyper-automation-chatbot/internal/repository/user_repository.go:51.16,53.3 1 0
github.com/sotatek-dev/hyper-automation-chatbot/internal/repository/user_repository.go:55.2,57.26 2 0
github.com/sotatek-dev/hyper-automation-chatbot/internal/repository/user_repository.go:60.70,62.2 1 0
github.com/sotatek-dev/hyper-automation-chatbot/internal/repository/user_repository.go:64.59,66.2 1 0
github.com/sotatek-dev/hyper-automation-chatbot/internal/services/user_service.go:23.71,25.2 1 0
github.com/sotatek-dev/hyper-automation-chatbot/internal/services/user_service.go:27.60,30.2 2 0
github.com/sotatek-dev/hyper-automation-chatbot/internal/services/user_service.go:32.55,35.2 2 0
github.com/sotatek-dev/hyper-automation-chatbot/internal/services/user_service.go:40.33,42.2 1 0
github.com/sotatek-dev/hyper-automation-chatbot/internal/services/user_service.go:44.60,47.2 2 0
github.com/sotatek-dev/hyper-automation-chatbot/internal/services/user_service.go:49.50,51.2 1 0
github.com/sotatek-dev/hyper-automation-chatbot/internal/api/dto/user.go:37.54,45.2 1 1
github.com/sotatek-dev/hyper-automation-chatbot/internal/api/handlers/handler_helper.go:5.37,7.2 1 0
github.com/sotatek-dev/hyper-automation-chatbot/internal/api/handlers/user_handler.go:17.69,19.2 1 1
github.com/sotatek-dev/hyper-automation-chatbot/internal/api/handlers/user_handler.go:21.62,23.51 2 1
github.com/sotatek-dev/hyper-automation-chatbot/internal/api/handlers/user_handler.go:23.51,26.3 2 0
github.com/sotatek-dev/hyper-automation-chatbot/internal/api/handlers/user_handler.go:28.2,32.66 2 1
github.com/sotatek-dev/hyper-automation-chatbot/internal/api/handlers/user_handler.go:32.66,35.3 2 0
github.com/sotatek-dev/hyper-automation-chatbot/internal/api/handlers/user_handler.go:37.2,37.57 1 1
github.com/sotatek-dev/hyper-automation-chatbot/internal/api/handlers/user_handler.go:40.60,42.60 2 0
github.com/sotatek-dev/hyper-automation-chatbot/internal/api/handlers/user_handler.go:42.60,45.3 2 0
github.com/sotatek-dev/hyper-automation-chatbot/internal/api/handlers/user_handler.go:47.2,48.17 2 0
github.com/sotatek-dev/hyper-automation-chatbot/internal/api/handlers/user_handler.go:48.17,52.3 3 0
github.com/sotatek-dev/hyper-automation-chatbot/internal/api/handlers/user_handler.go:54.2,54.51 1 0
github.com/sotatek-dev/hyper-automation-chatbot/internal/api/handlers/user_handler.go:57.62,59.51 2 0
github.com/sotatek-dev/hyper-automation-chatbot/internal/api/handlers/user_handler.go:59.51,62.3 2 0
github.com/sotatek-dev/hyper-automation-chatbot/internal/api/handlers/user_handler.go:64.2,65.60 2 0
github.com/sotatek-dev/hyper-automation-chatbot/internal/api/handlers/user_handler.go:65.60,68.3 2 0
github.com/sotatek-dev/hyper-automation-chatbot/internal/api/handlers/user_handler.go:70.2,76.66 4 0
github.com/sotatek-dev/hyper-automation-chatbot/internal/api/handlers/user_handler.go:76.66,79.3 2 0
github.com/sotatek-dev/hyper-automation-chatbot/internal/api/handlers/user_handler.go:81.2,81.57 1 0
github.com/sotatek-dev/hyper-automation-chatbot/internal/api/handlers/user_handler.go:84.61,86.52 2 0
github.com/sotatek-dev/hyper-automation-chatbot/internal/api/handlers/user_handler.go:86.52,89.3 2 0
github.com/sotatek-dev/hyper-automation-chatbot/internal/api/handlers/user_handler.go:91.2,92.16 2 0
github.com/sotatek-dev/hyper-automation-chatbot/internal/api/handlers/user_handler.go:92.16,95.3 2 0
github.com/sotatek-dev/hyper-automation-chatbot/internal/api/handlers/user_handler.go:97.2,98.26 2 0
github.com/sotatek-dev/hyper-automation-chatbot/internal/api/handlers/user_handler.go:98.26,100.3 1 0
github.com/sotatek-dev/hyper-automation-chatbot/internal/api/handlers/user_handler.go:102.2,109.4 1 0
github.com/sotatek-dev/hyper-automation-chatbot/internal/api/handlers/user_handler.go:112.62,114.60 2 0
github.com/sotatek-dev/hyper-automation-chatbot/internal/api/handlers/user_handler.go:114.60,117.3 2 0
github.com/sotatek-dev/hyper-automation-chatbot/internal/api/handlers/user_handler.go:119.2,120.16 2 0
github.com/sotatek-dev/hyper-automation-chatbot/internal/api/handlers/user_handler.go:120.16,123.3 2 0
github.com/sotatek-dev/hyper-automation-chatbot/internal/api/handlers/user_handler.go:125.2,125.34 1 0
github.com/sotatek-dev/hyper-automation-chatbot/internal/mocks/user_repository_mock.go:12.66,15.2 2 1
github.com/sotatek-dev/hyper-automation-chatbot/internal/mocks/user_repository_mock.go:17.61,20.2 2 0
github.com/sotatek-dev/hyper-automation-chatbot/internal/mocks/user_repository_mock.go:25.33,28.2 2 0
github.com/sotatek-dev/hyper-automation-chatbot/internal/mocks/user_repository_mock.go:30.66,33.2 2 0
github.com/sotatek-dev/hyper-automation-chatbot/internal/mocks/user_repository_mock.go:35.56,38.2 2 0
github.com/sotatek-dev/hyper-automation-chatbot/internal/repository/order_repository.go:12.74,14.2 1 0
github.com/sotatek-dev/hyper-automation-chatbot/internal/repository/user_repository.go:23.53,25.2 1 0
github.com/sotatek-dev/hyper-automation-chatbot/internal/repository/user_repository.go:27.70,29.2 1 0
github.com/sotatek-dev/hyper-automation-chatbot/internal/repository/user_repository.go:31.64,36.2 3 0
github.com/sotatek-dev/hyper-automation-chatbot/internal/repository/user_repository.go:41.33,46.21 4 0
github.com/sotatek-dev/hyper-automation-chatbot/internal/repository/user_repository.go:46.21,48.3 1 0
github.com/sotatek-dev/hyper-automation-chatbot/internal/repository/user_repository.go:50.2,51.16 2 0
github.com/sotatek-dev/hyper-automation-chatbot/internal/repository/user_repository.go:51.16,53.3 1 0
github.com/sotatek-dev/hyper-automation-chatbot/internal/repository/user_repository.go:55.2,57.26 2 0
github.com/sotatek-dev/hyper-automation-chatbot/internal/repository/user_repository.go:60.70,62.2 1 0
github.com/sotatek-dev/hyper-automation-chatbot/internal/repository/user_repository.go:64.59,66.2 1 0
github.com/sotatek-dev/hyper-automation-chatbot/internal/services/user_service.go:23.71,25.2 1 1
github.com/sotatek-dev/hyper-automation-chatbot/internal/services/user_service.go:27.60,30.2 2 1
github.com/sotatek-dev/hyper-automation-chatbot/internal/services/user_service.go:32.55,35.2 2 0
github.com/sotatek-dev/hyper-automation-chatbot/internal/services/user_service.go:40.33,42.2 1 0
github.com/sotatek-dev/hyper-automation-chatbot/internal/services/user_service.go:44.60,47.2 2 0
github.com/sotatek-dev/hyper-automation-chatbot/internal/services/user_service.go:49.50,51.2 1 0
